#
# There is insufficient memory for the Java Runtime Environment to continue.
# Native memory allocation (malloc) failed to allocate 1046816 bytes for Chunk::new
# Possible reasons:
#   The system is out of physical RAM or swap space
#   The process is running with CompressedOops enabled, and the Java Heap may be blocking the growth of the native heap
# Possible solutions:
#   Reduce memory load on the system
#   Increase physical memory or swap space
#   Check if swap backing store is full
#   Decrease Java heap size (-Xmx/-Xms)
#   Decrease number of Java threads
#   Decrease Java thread stack sizes (-Xss)
#   Set larger code cache with -XX:ReservedCodeCacheSize=
#   JVM is running with Zero Based Compressed Oops mode in which the Java heap is
#     placed in the first 32GB address space. The Java Heap base address is the
#     maximum limit for the native heap growth. Please use -XX:HeapBaseMinAddress
#     to set the Java Heap base and to place the Java Heap above 32GB virtual address.
# This output file may be truncated or incomplete.
#
#  Out of Memory Error (./src/hotspot/share/memory/arena.cpp:197), pid=14384, tid=1204
#
# JRE version: OpenJDK Runtime Environment (11.0.8+10) (build 11.0.8+10-b944.6842174)
# Java VM: OpenJDK 64-Bit Server VM (11.0.8+10-b944.6842174, mixed mode, tiered, compressed oops, g1 gc, windows-amd64)
# No core dump will be written. Minidumps are not enabled by default on client versions of Windows
#

---------------  S U M M A R Y ------------

Command Line: org.jetbrains.kotlin.cli.jvm.K2JVMCompiler @C:\Users\79297\AndroidStudioProjects\SaratovRegionTouristRoutes\app\build\20210620_5254800349341762268.compiler.options

Host: Intel(R) Core(TM) i5-2400 CPU @ 3.10GHz, 4 cores, 11G,  Windows 10 , 64 bit Build 19041 (10.0.19041.1023)
Time: Sun Jun 20 21:17:31 2021 Saratov Standard Time elapsed time: 5 seconds (0d 0h 0m 5s)

---------------  T H R E A D  ---------------

Current thread (0x000002467f146800):  JavaThread "C2 CompilerThread1" daemon [_thread_in_native, id=1204, stack(0x00000067f6000000,0x00000067f6100000)]


Current CompileTask:
C2:   5559 3674   !   4       jdk.internal.loader.BuiltinClassLoader::findClassOnClassPathOrNull (64 bytes)

Stack: [0x00000067f6000000,0x00000067f6100000]
Native frames: (J=compiled Java code, j=interpreted, Vv=VM code, C=native code)
V  [jvm.dll+0x5de50a]
V  [jvm.dll+0x7122f5]
V  [jvm.dll+0x71384d]
V  [jvm.dll+0x713f03]
V  [jvm.dll+0x23e728]
V  [jvm.dll+0xb899c]
V  [jvm.dll+0xb8e9c]
V  [jvm.dll+0x2b20e4]
V  [jvm.dll+0x502098]
V  [jvm.dll+0x1ff393]
V  [jvm.dll+0x1f917c]
V  [jvm.dll+0x1f685f]
V  [jvm.dll+0x17f32c]
V  [jvm.dll+0x205047]
V  [jvm.dll+0x203891]
V  [jvm.dll+0x6dad3f]
V  [jvm.dll+0x6d3895]
V  [jvm.dll+0x5dd4a6]
C  [ucrtbase.dll+0x21bb2]
C  [KERNEL32.DLL+0x17034]
C  [ntdll.dll+0x52651]


---------------  P R O C E S S  ---------------

Threads class SMR info:
_java_thread_list=0x000002467f147f90, length=11, elements={
0x000002466274a000, 0x000002467e75c800, 0x000002467e760000, 0x000002467efe8000,
0x000002467efe9000, 0x000002467efea800, 0x000002467eff1800, 0x000002467eff4000,
0x000002467f140800, 0x000002467f14b800, 0x000002467f146800
}

Java Threads: ( => current thread )
  0x000002466274a000 JavaThread "main" [_thread_in_Java, id=10640, stack(0x00000067f4f00000,0x00000067f5000000)]
  0x000002467e75c800 JavaThread "Reference Handler" daemon [_thread_blocked, id=8212, stack(0x00000067f5600000,0x00000067f5700000)]
  0x000002467e760000 JavaThread "Finalizer" daemon [_thread_blocked, id=10984, stack(0x00000067f5700000,0x00000067f5800000)]
  0x000002467efe8000 JavaThread "Signal Dispatcher" daemon [_thread_blocked, id=25716, stack(0x00000067f5800000,0x00000067f5900000)]
  0x000002467efe9000 JavaThread "Attach Listener" daemon [_thread_blocked, id=5452, stack(0x00000067f5900000,0x00000067f5a00000)]
  0x000002467efea800 JavaThread "C2 CompilerThread0" daemon [_thread_in_native, id=26572, stack(0x00000067f5a00000,0x00000067f5b00000)]
  0x000002467eff1800 JavaThread "C1 CompilerThread0" daemon [_thread_blocked, id=13296, stack(0x00000067f5b00000,0x00000067f5c00000)]
  0x000002467eff4000 JavaThread "Sweeper thread" daemon [_thread_blocked, id=14520, stack(0x00000067f5c00000,0x00000067f5d00000)]
  0x000002467f140800 JavaThread "Service Thread" daemon [_thread_blocked, id=25492, stack(0x00000067f5d00000,0x00000067f5e00000)]
  0x000002467f14b800 JavaThread "Common-Cleaner" daemon [_thread_blocked, id=16152, stack(0x00000067f5f00000,0x00000067f6000000)]
=>0x000002467f146800 JavaThread "C2 CompilerThread1" daemon [_thread_in_native, id=1204, stack(0x00000067f6000000,0x00000067f6100000)]

Other Threads:
  0x000002467ef95800 VMThread "VM Thread" [stack: 0x00000067f5500000,0x00000067f5600000] [id=24588]
  0x000002467f142800 WatcherThread [stack: 0x00000067f5e00000,0x00000067f5f00000] [id=9000]
  0x0000024662762000 GCTaskThread "GC Thread#0" [stack: 0x00000067f5000000,0x00000067f5100000] [id=5724]
  0x000002467f5ff800 GCTaskThread "GC Thread#1" [stack: 0x00000067f6100000,0x00000067f6200000] [id=6060]
  0x000002467f699800 GCTaskThread "GC Thread#2" [stack: 0x00000067f6200000,0x00000067f6300000] [id=25160]
  0x000002467f69a000 GCTaskThread "GC Thread#3" [stack: 0x00000067f6300000,0x00000067f6400000] [id=24976]
  0x00000246627a8000 ConcurrentGCThread "G1 Main Marker" [stack: 0x00000067f5100000,0x00000067f5200000] [id=2404]
  0x00000246627a9800 ConcurrentGCThread "G1 Conc#0" [stack: 0x00000067f5200000,0x00000067f5300000] [id=11452]
  0x000002466282e000 ConcurrentGCThread "G1 Refine#0" [stack: 0x00000067f5300000,0x00000067f5400000] [id=26368]
  0x000002467e5bb000 ConcurrentGCThread "G1 Young RemSet Sampling" [stack: 0x00000067f5400000,0x00000067f5500000] [id=25732]

Threads with active compile tasks:
C2 CompilerThread0   5578 3362       4       java.lang.ClassLoader::loadClass (7 bytes)
C2 CompilerThread1   5578 3674   !   4       jdk.internal.loader.BuiltinClassLoader::findClassOnClassPathOrNull (64 bytes)

VM state:not at safepoint (normal execution)

VM Mutex/Monitor currently owned by a thread: None

Heap address: 0x0000000740a00000, size: 3062 MB, Compressed Oops mode: Zero based, Oop shift amount: 3
Narrow klass base: 0x0000000800000000, Narrow klass shift: 0
Compressed class space size: 1073741824 Address: 0x0000000800000000

Heap:
 garbage-first heap   total 196608K, used 76051K [0x0000000740a00000, 0x0000000800000000)
  region size 1024K, 59 young (60416K), 9 survivors (9216K)
 Metaspace       used 45267K, capacity 45772K, committed 45952K, reserved 1089536K
  class space    used 5290K, capacity 5504K, committed 5504K, reserved 1048576K
Heap Regions: E=young(eden), S=young(survivor), O=old, HS=humongous(starts), HC=humongous(continues), CS=collection set, F=free, A=archive, TAMS=top-at-mark-start (previous, next)
|   0|0x0000000740a00000, 0x0000000740b00000, 0x0000000740b00000|100%|HS|  |TAMS 0x0000000740b00000, 0x0000000740a00000| Complete 
|   1|0x0000000740b00000, 0x0000000740c00000, 0x0000000740c00000|100%|HC|  |TAMS 0x0000000740c00000, 0x0000000740b00000| Complete 
|   2|0x0000000740c00000, 0x0000000740d00000, 0x0000000740d00000|100%|HC|  |TAMS 0x0000000740d00000, 0x0000000740c00000| Complete 
|   3|0x0000000740d00000, 0x0000000740e00000, 0x0000000740e00000|100%| O|  |TAMS 0x0000000740e00000, 0x0000000740d00000| Untracked 
|   4|0x0000000740e00000, 0x0000000740f00000, 0x0000000740f00000|100%| O|  |TAMS 0x0000000740f00000, 0x0000000740e00000| Untracked 
|   5|0x0000000740f00000, 0x0000000741000000, 0x0000000741000000|100%|HS|  |TAMS 0x0000000741000000, 0x0000000740f00000| Complete 
|   6|0x0000000741000000, 0x0000000741100000, 0x0000000741100000|100%|HC|  |TAMS 0x0000000741100000, 0x0000000741000000| Complete 
|   7|0x0000000741100000, 0x0000000741200000, 0x0000000741200000|100%|HC|  |TAMS 0x0000000741200000, 0x0000000741100000| Complete 
|   8|0x0000000741200000, 0x0000000741300000, 0x0000000741300000|100%|HS|  |TAMS 0x0000000741300000, 0x0000000741200000| Complete 
|   9|0x0000000741300000, 0x0000000741400000, 0x0000000741400000|100%|HC|  |TAMS 0x0000000741400000, 0x0000000741300000| Complete 
|  10|0x0000000741400000, 0x0000000741500000, 0x0000000741500000|100%|HC|  |TAMS 0x0000000741500000, 0x0000000741400000| Complete 
|  11|0x0000000741500000, 0x0000000741600000, 0x0000000741600000|100%|HS|  |TAMS 0x0000000741500000, 0x0000000741500000| Complete 
|  12|0x0000000741600000, 0x0000000741700000, 0x0000000741700000|100%|HC|  |TAMS 0x0000000741600000, 0x0000000741600000| Complete 
|  13|0x0000000741700000, 0x0000000741700000, 0x0000000741800000|  0%| F|  |TAMS 0x0000000741700000, 0x0000000741700000| Untracked 
|  14|0x0000000741800000, 0x0000000741800000, 0x0000000741900000|  0%| F|  |TAMS 0x0000000741800000, 0x0000000741800000| Untracked 
|  15|0x0000000741900000, 0x0000000741900000, 0x0000000741a00000|  0%| F|  |TAMS 0x0000000741900000, 0x0000000741900000| Untracked 
|  16|0x0000000741a00000, 0x0000000741a00000, 0x0000000741b00000|  0%| F|  |TAMS 0x0000000741a00000, 0x0000000741a00000| Untracked 
|  17|0x0000000741b00000, 0x0000000741c00000, 0x0000000741c00000|100%| O|  |TAMS 0x0000000741c00000, 0x0000000741b00000| Untracked 
|  18|0x0000000741c00000, 0x0000000741d00000, 0x0000000741d00000|100%| O|  |TAMS 0x0000000741d00000, 0x0000000741c00000| Untracked 
|  19|0x0000000741d00000, 0x0000000741e00000, 0x0000000741e00000|100%| O|  |TAMS 0x0000000741e00000, 0x0000000741d00000| Untracked 
|  20|0x0000000741e00000, 0x0000000741efec00, 0x0000000741f00000| 99%| O|  |TAMS 0x0000000741efec00, 0x0000000741e00000| Untracked 
|  21|0x0000000741f00000, 0x0000000741f00000, 0x0000000742000000|  0%| F|  |TAMS 0x0000000741f00000, 0x0000000741f00000| Untracked 
|  22|0x0000000742000000, 0x0000000742000000, 0x0000000742100000|  0%| F|  |TAMS 0x0000000742000000, 0x0000000742000000| Untracked 
|  23|0x0000000742100000, 0x0000000742100000, 0x0000000742200000|  0%| F|  |TAMS 0x0000000742100000, 0x0000000742100000| Untracked 
|  24|0x0000000742200000, 0x0000000742200000, 0x0000000742300000|  0%| F|  |TAMS 0x0000000742200000, 0x0000000742200000| Untracked 
|  25|0x0000000742300000, 0x0000000742300000, 0x0000000742400000|  0%| F|  |TAMS 0x0000000742300000, 0x0000000742300000| Untracked 
|  26|0x0000000742400000, 0x0000000742400000, 0x0000000742500000|  0%| F|  |TAMS 0x0000000742400000, 0x0000000742400000| Untracked 
|  27|0x0000000742500000, 0x0000000742500000, 0x0000000742600000|  0%| F|  |TAMS 0x0000000742500000, 0x0000000742500000| Untracked 
|  28|0x0000000742600000, 0x0000000742600000, 0x0000000742700000|  0%| F|  |TAMS 0x0000000742600000, 0x0000000742600000| Untracked 
|  29|0x0000000742700000, 0x0000000742700000, 0x0000000742800000|  0%| F|  |TAMS 0x0000000742700000, 0x0000000742700000| Untracked 
|  30|0x0000000742800000, 0x0000000742800000, 0x0000000742900000|  0%| F|  |TAMS 0x0000000742800000, 0x0000000742800000| Untracked 
|  31|0x0000000742900000, 0x0000000742900000, 0x0000000742a00000|  0%| F|  |TAMS 0x0000000742900000, 0x0000000742900000| Untracked 
|  32|0x0000000742a00000, 0x0000000742a00000, 0x0000000742b00000|  0%| F|  |TAMS 0x0000000742a00000, 0x0000000742a00000| Untracked 
|  33|0x0000000742b00000, 0x0000000742b00000, 0x0000000742c00000|  0%| F|  |TAMS 0x0000000742b00000, 0x0000000742b00000| Untracked 
|  34|0x0000000742c00000, 0x0000000742c00000, 0x0000000742d00000|  0%| F|  |TAMS 0x0000000742c00000, 0x0000000742c00000| Untracked 
|  35|0x0000000742d00000, 0x0000000742d00000, 0x0000000742e00000|  0%| F|  |TAMS 0x0000000742d00000, 0x0000000742d00000| Untracked 
|  36|0x0000000742e00000, 0x0000000742e00000, 0x0000000742f00000|  0%| F|  |TAMS 0x0000000742e00000, 0x0000000742e00000| Untracked 
|  37|0x0000000742f00000, 0x0000000742f00000, 0x0000000743000000|  0%| F|  |TAMS 0x0000000742f00000, 0x0000000742f00000| Untracked 
|  38|0x0000000743000000, 0x0000000743000000, 0x0000000743100000|  0%| F|  |TAMS 0x0000000743000000, 0x0000000743000000| Untracked 
|  39|0x0000000743100000, 0x0000000743100000, 0x0000000743200000|  0%| F|  |TAMS 0x0000000743100000, 0x0000000743100000| Untracked 
|  40|0x0000000743200000, 0x0000000743200000, 0x0000000743300000|  0%| F|  |TAMS 0x0000000743200000, 0x0000000743200000| Untracked 
|  41|0x0000000743300000, 0x0000000743300000, 0x0000000743400000|  0%| F|  |TAMS 0x0000000743300000, 0x0000000743300000| Untracked 
|  42|0x0000000743400000, 0x0000000743400000, 0x0000000743500000|  0%| F|  |TAMS 0x0000000743400000, 0x0000000743400000| Untracked 
|  43|0x0000000743500000, 0x0000000743500000, 0x0000000743600000|  0%| F|  |TAMS 0x0000000743500000, 0x0000000743500000| Untracked 
|  44|0x0000000743600000, 0x0000000743600000, 0x0000000743700000|  0%| F|  |TAMS 0x0000000743600000, 0x0000000743600000| Untracked 
|  45|0x0000000743700000, 0x0000000743700000, 0x0000000743800000|  0%| F|  |TAMS 0x0000000743700000, 0x0000000743700000| Untracked 
|  46|0x0000000743800000, 0x0000000743800000, 0x0000000743900000|  0%| F|  |TAMS 0x0000000743800000, 0x0000000743800000| Untracked 
|  47|0x0000000743900000, 0x0000000743900000, 0x0000000743a00000|  0%| F|  |TAMS 0x0000000743900000, 0x0000000743900000| Untracked 
|  48|0x0000000743a00000, 0x0000000743a00000, 0x0000000743b00000|  0%| F|  |TAMS 0x0000000743a00000, 0x0000000743a00000| Untracked 
|  49|0x0000000743b00000, 0x0000000743b00000, 0x0000000743c00000|  0%| F|  |TAMS 0x0000000743b00000, 0x0000000743b00000| Untracked 
|  50|0x0000000743c00000, 0x0000000743c00000, 0x0000000743d00000|  0%| F|  |TAMS 0x0000000743c00000, 0x0000000743c00000| Untracked 
|  51|0x0000000743d00000, 0x0000000743d00000, 0x0000000743e00000|  0%| F|  |TAMS 0x0000000743d00000, 0x0000000743d00000| Untracked 
|  52|0x0000000743e00000, 0x0000000743e00000, 0x0000000743f00000|  0%| F|  |TAMS 0x0000000743e00000, 0x0000000743e00000| Untracked 
|  53|0x0000000743f00000, 0x0000000743f00000, 0x0000000744000000|  0%| F|  |TAMS 0x0000000743f00000, 0x0000000743f00000| Untracked 
|  54|0x0000000744000000, 0x0000000744000000, 0x0000000744100000|  0%| F|  |TAMS 0x0000000744000000, 0x0000000744000000| Untracked 
|  55|0x0000000744100000, 0x0000000744100000, 0x0000000744200000|  0%| F|  |TAMS 0x0000000744100000, 0x0000000744100000| Untracked 
|  56|0x0000000744200000, 0x0000000744200000, 0x0000000744300000|  0%| F|  |TAMS 0x0000000744200000, 0x0000000744200000| Untracked 
|  57|0x0000000744300000, 0x0000000744300000, 0x0000000744400000|  0%| F|  |TAMS 0x0000000744300000, 0x0000000744300000| Untracked 
|  58|0x0000000744400000, 0x0000000744400000, 0x0000000744500000|  0%| F|  |TAMS 0x0000000744400000, 0x0000000744400000| Untracked 
|  59|0x0000000744500000, 0x0000000744500000, 0x0000000744600000|  0%| F|  |TAMS 0x0000000744500000, 0x0000000744500000| Untracked 
|  60|0x0000000744600000, 0x0000000744600000, 0x0000000744700000|  0%| F|  |TAMS 0x0000000744600000, 0x0000000744600000| Untracked 
|  61|0x0000000744700000, 0x0000000744700000, 0x0000000744800000|  0%| F|  |TAMS 0x0000000744700000, 0x0000000744700000| Untracked 
|  62|0x0000000744800000, 0x0000000744800000, 0x0000000744900000|  0%| F|  |TAMS 0x0000000744800000, 0x0000000744800000| Untracked 
|  63|0x0000000744900000, 0x0000000744900000, 0x0000000744a00000|  0%| F|  |TAMS 0x0000000744900000, 0x0000000744900000| Untracked 
|  64|0x0000000744a00000, 0x0000000744a00000, 0x0000000744b00000|  0%| F|  |TAMS 0x0000000744a00000, 0x0000000744a00000| Untracked 
|  65|0x0000000744b00000, 0x0000000744b00000, 0x0000000744c00000|  0%| F|  |TAMS 0x0000000744b00000, 0x0000000744b00000| Untracked 
|  66|0x0000000744c00000, 0x0000000744c00000, 0x0000000744d00000|  0%| F|  |TAMS 0x0000000744c00000, 0x0000000744c00000| Untracked 
|  67|0x0000000744d00000, 0x0000000744d00000, 0x0000000744e00000|  0%| F|  |TAMS 0x0000000744d00000, 0x0000000744d00000| Untracked 
|  68|0x0000000744e00000, 0x0000000744e00000, 0x0000000744f00000|  0%| F|  |TAMS 0x0000000744e00000, 0x0000000744e00000| Untracked 
|  69|0x0000000744f00000, 0x0000000744f00000, 0x0000000745000000|  0%| F|  |TAMS 0x0000000744f00000, 0x0000000744f00000| Untracked 
|  70|0x0000000745000000, 0x0000000745000000, 0x0000000745100000|  0%| F|  |TAMS 0x0000000745000000, 0x0000000745000000| Untracked 
|  71|0x0000000745100000, 0x0000000745100000, 0x0000000745200000|  0%| F|  |TAMS 0x0000000745100000, 0x0000000745100000| Untracked 
|  72|0x0000000745200000, 0x0000000745200000, 0x0000000745300000|  0%| F|  |TAMS 0x0000000745200000, 0x0000000745200000| Untracked 
|  73|0x0000000745300000, 0x0000000745300000, 0x0000000745400000|  0%| F|  |TAMS 0x0000000745300000, 0x0000000745300000| Untracked 
|  74|0x0000000745400000, 0x0000000745400000, 0x0000000745500000|  0%| F|  |TAMS 0x0000000745400000, 0x0000000745400000| Untracked 
|  75|0x0000000745500000, 0x0000000745500000, 0x0000000745600000|  0%| F|  |TAMS 0x0000000745500000, 0x0000000745500000| Untracked 
|  76|0x0000000745600000, 0x0000000745600000, 0x0000000745700000|  0%| F|  |TAMS 0x0000000745600000, 0x0000000745600000| Untracked 
|  77|0x0000000745700000, 0x0000000745700000, 0x0000000745800000|  0%| F|  |TAMS 0x0000000745700000, 0x0000000745700000| Untracked 
|  78|0x0000000745800000, 0x0000000745800000, 0x0000000745900000|  0%| F|  |TAMS 0x0000000745800000, 0x0000000745800000| Untracked 
|  79|0x0000000745900000, 0x0000000745900000, 0x0000000745a00000|  0%| F|  |TAMS 0x0000000745900000, 0x0000000745900000| Untracked 
|  80|0x0000000745a00000, 0x0000000745a00000, 0x0000000745b00000|  0%| F|  |TAMS 0x0000000745a00000, 0x0000000745a00000| Untracked 
|  81|0x0000000745b00000, 0x0000000745b00000, 0x0000000745c00000|  0%| F|  |TAMS 0x0000000745b00000, 0x0000000745b00000| Untracked 
|  82|0x0000000745c00000, 0x0000000745c00000, 0x0000000745d00000|  0%| F|  |TAMS 0x0000000745c00000, 0x0000000745c00000| Untracked 
|  83|0x0000000745d00000, 0x0000000745d00000, 0x0000000745e00000|  0%| F|  |TAMS 0x0000000745d00000, 0x0000000745d00000| Untracked 
|  84|0x0000000745e00000, 0x0000000745e00000, 0x0000000745f00000|  0%| F|  |TAMS 0x0000000745e00000, 0x0000000745e00000| Untracked 
|  85|0x0000000745f00000, 0x0000000745f00000, 0x0000000746000000|  0%| F|  |TAMS 0x0000000745f00000, 0x0000000745f00000| Untracked 
|  86|0x0000000746000000, 0x0000000746000000, 0x0000000746100000|  0%| F|  |TAMS 0x0000000746000000, 0x0000000746000000| Untracked 
|  87|0x0000000746100000, 0x0000000746100000, 0x0000000746200000|  0%| F|  |TAMS 0x0000000746100000, 0x0000000746100000| Untracked 
|  88|0x0000000746200000, 0x0000000746200000, 0x0000000746300000|  0%| F|  |TAMS 0x0000000746200000, 0x0000000746200000| Untracked 
|  89|0x0000000746300000, 0x0000000746300000, 0x0000000746400000|  0%| F|  |TAMS 0x0000000746300000, 0x0000000746300000| Untracked 
|  90|0x0000000746400000, 0x0000000746400000, 0x0000000746500000|  0%| F|  |TAMS 0x0000000746400000, 0x0000000746400000| Untracked 
|  91|0x0000000746500000, 0x0000000746500000, 0x0000000746600000|  0%| F|  |TAMS 0x0000000746500000, 0x0000000746500000| Untracked 
|  92|0x0000000746600000, 0x0000000746600000, 0x0000000746700000|  0%| F|  |TAMS 0x0000000746600000, 0x0000000746600000| Untracked 
|  93|0x0000000746700000, 0x0000000746700000, 0x0000000746800000|  0%| F|  |TAMS 0x0000000746700000, 0x0000000746700000| Untracked 
|  94|0x0000000746800000, 0x0000000746800000, 0x0000000746900000|  0%| F|  |TAMS 0x0000000746800000, 0x0000000746800000| Untracked 
|  95|0x0000000746900000, 0x0000000746900000, 0x0000000746a00000|  0%| F|  |TAMS 0x0000000746900000, 0x0000000746900000| Untracked 
|  96|0x0000000746a00000, 0x0000000746a00000, 0x0000000746b00000|  0%| F|  |TAMS 0x0000000746a00000, 0x0000000746a00000| Untracked 
|  97|0x0000000746b00000, 0x0000000746b00000, 0x0000000746c00000|  0%| F|  |TAMS 0x0000000746b00000, 0x0000000746b00000| Untracked 
|  98|0x0000000746c00000, 0x0000000746c00000, 0x0000000746d00000|  0%| F|  |TAMS 0x0000000746c00000, 0x0000000746c00000| Untracked 
|  99|0x0000000746d00000, 0x0000000746d00000, 0x0000000746e00000|  0%| F|  |TAMS 0x0000000746d00000, 0x0000000746d00000| Untracked 
| 100|0x0000000746e00000, 0x0000000746e00000, 0x0000000746f00000|  0%| F|  |TAMS 0x0000000746e00000, 0x0000000746e00000| Untracked 
| 101|0x0000000746f00000, 0x0000000746f00000, 0x0000000747000000|  0%| F|  |TAMS 0x0000000746f00000, 0x0000000746f00000| Untracked 
| 102|0x0000000747000000, 0x0000000747000000, 0x0000000747100000|  0%| F|  |TAMS 0x0000000747000000, 0x0000000747000000| Untracked 
| 103|0x0000000747100000, 0x0000000747100000, 0x0000000747200000|  0%| F|  |TAMS 0x0000000747100000, 0x0000000747100000| Untracked 
| 104|0x0000000747200000, 0x0000000747200000, 0x0000000747300000|  0%| F|  |TAMS 0x0000000747200000, 0x0000000747200000| Untracked 
| 105|0x0000000747300000, 0x0000000747300000, 0x0000000747400000|  0%| F|  |TAMS 0x0000000747300000, 0x0000000747300000| Untracked 
| 106|0x0000000747400000, 0x0000000747400000, 0x0000000747500000|  0%| F|  |TAMS 0x0000000747400000, 0x0000000747400000| Untracked 
| 107|0x0000000747500000, 0x0000000747500000, 0x0000000747600000|  0%| F|  |TAMS 0x0000000747500000, 0x0000000747500000| Untracked 
| 108|0x0000000747600000, 0x0000000747600000, 0x0000000747700000|  0%| F|  |TAMS 0x0000000747600000, 0x0000000747600000| Untracked 
| 109|0x0000000747700000, 0x0000000747700000, 0x0000000747800000|  0%| F|  |TAMS 0x0000000747700000, 0x0000000747700000| Untracked 
| 110|0x0000000747800000, 0x0000000747800000, 0x0000000747900000|  0%| F|  |TAMS 0x0000000747800000, 0x0000000747800000| Untracked 
| 111|0x0000000747900000, 0x0000000747900000, 0x0000000747a00000|  0%| F|  |TAMS 0x0000000747900000, 0x0000000747900000| Untracked 
| 112|0x0000000747a00000, 0x0000000747a00000, 0x0000000747b00000|  0%| F|  |TAMS 0x0000000747a00000, 0x0000000747a00000| Untracked 
| 113|0x0000000747b00000, 0x0000000747b00000, 0x0000000747c00000|  0%| F|  |TAMS 0x0000000747b00000, 0x0000000747b00000| Untracked 
| 114|0x0000000747c00000, 0x0000000747c00000, 0x0000000747d00000|  0%| F|  |TAMS 0x0000000747c00000, 0x0000000747c00000| Untracked 
| 115|0x0000000747d00000, 0x0000000747d00000, 0x0000000747e00000|  0%| F|  |TAMS 0x0000000747d00000, 0x0000000747d00000| Untracked 
| 116|0x0000000747e00000, 0x0000000747e00000, 0x0000000747f00000|  0%| F|  |TAMS 0x0000000747e00000, 0x0000000747e00000| Untracked 
| 117|0x0000000747f00000, 0x0000000747f00000, 0x0000000748000000|  0%| F|  |TAMS 0x0000000747f00000, 0x0000000747f00000| Untracked 
| 118|0x0000000748000000, 0x0000000748000000, 0x0000000748100000|  0%| F|  |TAMS 0x0000000748000000, 0x0000000748000000| Untracked 
| 119|0x0000000748100000, 0x0000000748100000, 0x0000000748200000|  0%| F|  |TAMS 0x0000000748100000, 0x0000000748100000| Untracked 
| 120|0x0000000748200000, 0x0000000748200000, 0x0000000748300000|  0%| F|  |TAMS 0x0000000748200000, 0x0000000748200000| Untracked 
| 121|0x0000000748300000, 0x0000000748300000, 0x0000000748400000|  0%| F|  |TAMS 0x0000000748300000, 0x0000000748300000| Untracked 
| 122|0x0000000748400000, 0x0000000748400000, 0x0000000748500000|  0%| F|  |TAMS 0x0000000748400000, 0x0000000748400000| Untracked 
| 123|0x0000000748500000, 0x0000000748500000, 0x0000000748600000|  0%| F|  |TAMS 0x0000000748500000, 0x0000000748500000| Untracked 
| 124|0x0000000748600000, 0x0000000748600000, 0x0000000748700000|  0%| F|  |TAMS 0x0000000748600000, 0x0000000748600000| Untracked 
| 125|0x0000000748700000, 0x0000000748700000, 0x0000000748800000|  0%| F|  |TAMS 0x0000000748700000, 0x0000000748700000| Untracked 
| 126|0x0000000748800000, 0x0000000748800000, 0x0000000748900000|  0%| F|  |TAMS 0x0000000748800000, 0x0000000748800000| Untracked 
| 127|0x0000000748900000, 0x0000000748900000, 0x0000000748a00000|  0%| F|  |TAMS 0x0000000748900000, 0x0000000748900000| Untracked 
| 128|0x0000000748a00000, 0x0000000748a00000, 0x0000000748b00000|  0%| F|  |TAMS 0x0000000748a00000, 0x0000000748a00000| Untracked 
| 129|0x0000000748b00000, 0x0000000748b00000, 0x0000000748c00000|  0%| F|  |TAMS 0x0000000748b00000, 0x0000000748b00000| Untracked 
| 130|0x0000000748c00000, 0x0000000748c00000, 0x0000000748d00000|  0%| F|  |TAMS 0x0000000748c00000, 0x0000000748c00000| Untracked 
| 131|0x0000000748d00000, 0x0000000748d00000, 0x0000000748e00000|  0%| F|  |TAMS 0x0000000748d00000, 0x0000000748d00000| Untracked 
| 132|0x0000000748e00000, 0x0000000748e00000, 0x0000000748f00000|  0%| F|  |TAMS 0x0000000748e00000, 0x0000000748e00000| Untracked 
| 133|0x0000000748f00000, 0x0000000749000000, 0x0000000749000000|100%| E|  |TAMS 0x0000000748f00000, 0x0000000748f00000| Complete 
| 134|0x0000000749000000, 0x0000000749100000, 0x0000000749100000|100%| E|CS|TAMS 0x0000000749000000, 0x0000000749000000| Complete 
| 135|0x0000000749100000, 0x0000000749200000, 0x0000000749200000|100%| E|CS|TAMS 0x0000000749100000, 0x0000000749100000| Complete 
| 136|0x0000000749200000, 0x0000000749300000, 0x0000000749300000|100%| E|CS|TAMS 0x0000000749200000, 0x0000000749200000| Complete 
| 137|0x0000000749300000, 0x0000000749400000, 0x0000000749400000|100%| E|CS|TAMS 0x0000000749300000, 0x0000000749300000| Complete 
| 138|0x0000000749400000, 0x0000000749500000, 0x0000000749500000|100%| E|CS|TAMS 0x0000000749400000, 0x0000000749400000| Complete 
| 139|0x0000000749500000, 0x0000000749600000, 0x0000000749600000|100%| E|CS|TAMS 0x0000000749500000, 0x0000000749500000| Complete 
| 140|0x0000000749600000, 0x0000000749700000, 0x0000000749700000|100%| E|CS|TAMS 0x0000000749600000, 0x0000000749600000| Complete 
| 141|0x0000000749700000, 0x0000000749800000, 0x0000000749800000|100%| E|CS|TAMS 0x0000000749700000, 0x0000000749700000| Complete 
| 142|0x0000000749800000, 0x0000000749900000, 0x0000000749900000|100%| E|CS|TAMS 0x0000000749800000, 0x0000000749800000| Complete 
| 143|0x0000000749900000, 0x0000000749a00000, 0x0000000749a00000|100%| E|CS|TAMS 0x0000000749900000, 0x0000000749900000| Complete 
| 144|0x0000000749a00000, 0x0000000749b00000, 0x0000000749b00000|100%| E|CS|TAMS 0x0000000749a00000, 0x0000000749a00000| Complete 
| 145|0x0000000749b00000, 0x0000000749c00000, 0x0000000749c00000|100%| E|CS|TAMS 0x0000000749b00000, 0x0000000749b00000| Complete 
| 146|0x0000000749c00000, 0x0000000749d00000, 0x0000000749d00000|100%| E|CS|TAMS 0x0000000749c00000, 0x0000000749c00000| Complete 
| 147|0x0000000749d00000, 0x0000000749e00000, 0x0000000749e00000|100%| E|CS|TAMS 0x0000000749d00000, 0x0000000749d00000| Complete 
| 148|0x0000000749e00000, 0x0000000749f00000, 0x0000000749f00000|100%| E|CS|TAMS 0x0000000749e00000, 0x0000000749e00000| Complete 
| 149|0x0000000749f00000, 0x000000074a000000, 0x000000074a000000|100%| E|CS|TAMS 0x0000000749f00000, 0x0000000749f00000| Complete 
| 150|0x000000074a000000, 0x000000074a100000, 0x000000074a100000|100%| E|CS|TAMS 0x000000074a000000, 0x000000074a000000| Complete 
| 151|0x000000074a100000, 0x000000074a200000, 0x000000074a200000|100%| E|CS|TAMS 0x000000074a100000, 0x000000074a100000| Complete 
| 152|0x000000074a200000, 0x000000074a300000, 0x000000074a300000|100%| E|CS|TAMS 0x000000074a200000, 0x000000074a200000| Complete 
| 153|0x000000074a300000, 0x000000074a400000, 0x000000074a400000|100%| E|CS|TAMS 0x000000074a300000, 0x000000074a300000| Complete 
| 154|0x000000074a400000, 0x000000074a500000, 0x000000074a500000|100%| E|CS|TAMS 0x000000074a400000, 0x000000074a400000| Complete 
| 155|0x000000074a500000, 0x000000074a600000, 0x000000074a600000|100%| E|CS|TAMS 0x000000074a500000, 0x000000074a500000| Complete 
| 156|0x000000074a600000, 0x000000074a700000, 0x000000074a700000|100%| E|CS|TAMS 0x000000074a600000, 0x000000074a600000| Complete 
| 157|0x000000074a700000, 0x000000074a800000, 0x000000074a800000|100%| E|CS|TAMS 0x000000074a700000, 0x000000074a700000| Complete 
| 158|0x000000074a800000, 0x000000074a900000, 0x000000074a900000|100%| E|CS|TAMS 0x000000074a800000, 0x000000074a800000| Complete 
| 159|0x000000074a900000, 0x000000074aa00000, 0x000000074aa00000|100%| E|CS|TAMS 0x000000074a900000, 0x000000074a900000| Complete 
| 160|0x000000074aa00000, 0x000000074ab00000, 0x000000074ab00000|100%| E|CS|TAMS 0x000000074aa00000, 0x000000074aa00000| Complete 
| 161|0x000000074ab00000, 0x000000074ac00000, 0x000000074ac00000|100%| E|CS|TAMS 0x000000074ab00000, 0x000000074ab00000| Complete 
| 162|0x000000074ac00000, 0x000000074ac46278, 0x000000074ad00000| 27%| S|CS|TAMS 0x000000074ac00000, 0x000000074ac00000| Complete 
| 163|0x000000074ad00000, 0x000000074ae00000, 0x000000074ae00000|100%| S|CS|TAMS 0x000000074ad00000, 0x000000074ad00000| Complete 
| 164|0x000000074ae00000, 0x000000074af00000, 0x000000074af00000|100%| S|CS|TAMS 0x000000074ae00000, 0x000000074ae00000| Complete 
| 165|0x000000074af00000, 0x000000074b000000, 0x000000074b000000|100%| S|CS|TAMS 0x000000074af00000, 0x000000074af00000| Complete 
| 166|0x000000074b000000, 0x000000074b100000, 0x000000074b100000|100%| S|CS|TAMS 0x000000074b000000, 0x000000074b000000| Complete 
| 167|0x000000074b100000, 0x000000074b200000, 0x000000074b200000|100%| S|CS|TAMS 0x000000074b100000, 0x000000074b100000| Complete 
| 168|0x000000074b200000, 0x000000074b300000, 0x000000074b300000|100%| S|CS|TAMS 0x000000074b200000, 0x000000074b200000| Complete 
| 169|0x000000074b300000, 0x000000074b400000, 0x000000074b400000|100%| S|CS|TAMS 0x000000074b300000, 0x000000074b300000| Complete 
| 170|0x000000074b400000, 0x000000074b500000, 0x000000074b500000|100%| S|CS|TAMS 0x000000074b400000, 0x000000074b400000| Complete 
| 171|0x000000074b500000, 0x000000074b600000, 0x000000074b600000|100%| E|CS|TAMS 0x000000074b500000, 0x000000074b500000| Complete 
| 172|0x000000074b600000, 0x000000074b700000, 0x000000074b700000|100%| E|CS|TAMS 0x000000074b600000, 0x000000074b600000| Complete 
| 173|0x000000074b700000, 0x000000074b800000, 0x000000074b800000|100%| E|CS|TAMS 0x000000074b700000, 0x000000074b700000| Complete 
| 174|0x000000074b800000, 0x000000074b900000, 0x000000074b900000|100%| E|CS|TAMS 0x000000074b800000, 0x000000074b800000| Complete 
| 175|0x000000074b900000, 0x000000074ba00000, 0x000000074ba00000|100%| E|CS|TAMS 0x000000074b900000, 0x000000074b900000| Complete 
| 176|0x000000074ba00000, 0x000000074bb00000, 0x000000074bb00000|100%| E|CS|TAMS 0x000000074ba00000, 0x000000074ba00000| Complete 
| 177|0x000000074bb00000, 0x000000074bc00000, 0x000000074bc00000|100%| E|CS|TAMS 0x000000074bb00000, 0x000000074bb00000| Complete 
| 178|0x000000074bc00000, 0x000000074bd00000, 0x000000074bd00000|100%| E|CS|TAMS 0x000000074bc00000, 0x000000074bc00000| Complete 
| 179|0x000000074bd00000, 0x000000074be00000, 0x000000074be00000|100%| E|CS|TAMS 0x000000074bd00000, 0x000000074bd00000| Complete 
| 180|0x000000074be00000, 0x000000074bf00000, 0x000000074bf00000|100%| E|CS|TAMS 0x000000074be00000, 0x000000074be00000| Complete 
| 181|0x000000074bf00000, 0x000000074c000000, 0x000000074c000000|100%| E|CS|TAMS 0x000000074bf00000, 0x000000074bf00000| Complete 
| 182|0x000000074c000000, 0x000000074c100000, 0x000000074c100000|100%| E|CS|TAMS 0x000000074c000000, 0x000000074c000000| Complete 
| 183|0x000000074c100000, 0x000000074c200000, 0x000000074c200000|100%| E|CS|TAMS 0x000000074c100000, 0x000000074c100000| Complete 
| 184|0x000000074c200000, 0x000000074c300000, 0x000000074c300000|100%| E|CS|TAMS 0x000000074c200000, 0x000000074c200000| Complete 
| 185|0x000000074c300000, 0x000000074c400000, 0x000000074c400000|100%| E|CS|TAMS 0x000000074c300000, 0x000000074c300000| Complete 
| 186|0x000000074c400000, 0x000000074c500000, 0x000000074c500000|100%| E|CS|TAMS 0x000000074c400000, 0x000000074c400000| Complete 
| 187|0x000000074c500000, 0x000000074c600000, 0x000000074c600000|100%| E|CS|TAMS 0x000000074c500000, 0x000000074c500000| Complete 
| 188|0x000000074c600000, 0x000000074c700000, 0x000000074c700000|100%| E|CS|TAMS 0x000000074c600000, 0x000000074c600000| Complete 
| 189|0x000000074c700000, 0x000000074c800000, 0x000000074c800000|100%| E|CS|TAMS 0x000000074c700000, 0x000000074c700000| Complete 
| 190|0x000000074c800000, 0x000000074c900000, 0x000000074c900000|100%| E|CS|TAMS 0x000000074c800000, 0x000000074c800000| Complete 
| 191|0x000000074c900000, 0x000000074ca00000, 0x000000074ca00000|100%| E|CS|TAMS 0x000000074c900000, 0x000000074c900000| Complete 

Card table byte_map: [0x0000024677500000,0x0000024677b00000] _byte_map_base: 0x0000024673afb000

Marking Bits (Prev, Next): (CMBitMap*) 0x000002466279b3c8, (CMBitMap*) 0x000002466279b400
 Prev Bits: [0x0000024678100000, 0x000002467b0d8000)
 Next Bits: [0x000002467b0e0000, 0x000002467e0b8000)

Polling page: 0x0000024662830000

Metaspace:

Usage:
  Non-class:     39.32 MB capacity,    39.07 MB (>99%) used,   195.63 KB ( <1%) free+waste,    62.94 KB ( <1%) overhead. 
      Class:      5.38 MB capacity,     5.17 MB ( 96%) used,   184.02 KB (  3%) free+waste,    26.50 KB ( <1%) overhead. 
       Both:     44.70 MB capacity,    44.24 MB ( 99%) used,   379.64 KB ( <1%) free+waste,    89.44 KB ( <1%) overhead. 

Virtual space:
  Non-class space:       40.00 MB reserved,      39.50 MB ( 99%) committed 
      Class space:        1.00 GB reserved,       5.38 MB ( <1%) committed 
             Both:        1.04 GB reserved,      44.88 MB (  4%) committed 

Chunk freelists:
   Non-Class:  52.00 KB
       Class:  0 bytes
        Both:  52.00 KB

MaxMetaspaceSize: 17179869184.00 GB
CompressedClassSpaceSize: 1.00 GB

CodeHeap 'non-profiled nmethods': size=120064Kb used=1595Kb max_used=1595Kb free=118469Kb
 bounds [0x000002466f3a0000, 0x000002466f610000, 0x00000246768e0000]
CodeHeap 'profiled nmethods': size=120000Kb used=8152Kb max_used=8152Kb free=111847Kb
 bounds [0x0000024667e70000, 0x0000024668670000, 0x000002466f3a0000]
CodeHeap 'non-nmethods': size=5696Kb used=1185Kb max_used=1228Kb free=4510Kb
 bounds [0x00000246678e0000, 0x0000024667b50000, 0x0000024667e70000]
 total_blobs=4215 nmethods=3688 adapters=438
 compilation: enabled
              stopped_count=0, restarted_count=0
 full_count=0

Compilation events (20 events):
Event: 5.419 Thread 0x000002467f146800 nmethod 3672 0x000002466f52a690 code [0x000002466f52a8c0, 0x000002466f52af50]
Event: 5.423 Thread 0x000002467f146800 3673       4       sun.net.util.URLUtil::urlNoFragString (114 bytes)
Event: 5.441 Thread 0x000002467eff1800 3675       1       kotlin.Pair::getSecond (5 bytes)
Event: 5.441 Thread 0x000002467eff1800 nmethod 3675 0x000002466f52b310 code [0x000002466f52b4c0, 0x000002466f52b578]
Event: 5.443 Thread 0x000002467eff1800 3676       1       kotlin.collections.IndexedValue::getIndex (5 bytes)
Event: 5.443 Thread 0x000002467eff1800 nmethod 3676 0x000002466f52b610 code [0x000002466f52b7c0, 0x000002466f52b878]
Event: 5.443 Thread 0x000002467eff1800 3677       1       kotlin.collections.IndexedValue::getValue (5 bytes)
Event: 5.443 Thread 0x000002467eff1800 nmethod 3677 0x000002466f52b910 code [0x000002466f52bac0, 0x000002466f52bb78]
Event: 5.457 Thread 0x000002467f146800 nmethod 3673 0x000002466f52bc10 code [0x000002466f52be40, 0x000002466f52d258]
Event: 5.457 Thread 0x000002467f146800 3674   !   4       jdk.internal.loader.BuiltinClassLoader::findClassOnClassPathOrNull (64 bytes)
Event: 5.523 Thread 0x000002467eff1800 3678       3       gnu.trove.THashMap::rehash (124 bytes)
Event: 5.524 Thread 0x000002467eff1800 nmethod 3678 0x000002466865ea90 code [0x000002466865ecc0, 0x000002466865f7b8]
Event: 5.535 Thread 0x000002467eff1800 3679       3       java.lang.invoke.MethodHandles$Lookup::getDirectMethodCommon (275 bytes)
Event: 5.537 Thread 0x000002467eff1800 nmethod 3679 0x000002466865fb90 code [0x000002466865fee0, 0x0000024668661198]
Event: 5.537 Thread 0x000002467eff1800 3680       3       java.lang.invoke.MethodHandles$Lookup::maybeBindCaller (44 bytes)
Event: 5.538 Thread 0x000002467eff1800 nmethod 3680 0x0000024668661810 code [0x0000024668661a40, 0x0000024668662278]
Event: 5.550 Thread 0x000002467eff1800 3681       3       org.jetbrains.kotlin.com.intellij.diagnostic.LoadingState::checkOccurred (38 bytes)
Event: 5.550 Thread 0x000002467eff1800 nmethod 3681 0x0000024668662510 code [0x0000024668662700, 0x0000024668662aa8]
Event: 5.550 Thread 0x000002467eff1800 3682       1       org.jetbrains.kotlin.com.intellij.mock.MockComponentManager::isDisposed (5 bytes)
Event: 5.551 Thread 0x000002467eff1800 nmethod 3682 0x000002466f52e410 code [0x000002466f52e5c0, 0x000002466f52e678]

GC Heap History (8 events):
Event: 0.572 GC heap before
{Heap before GC invocations=0 (full 0):
 garbage-first heap   total 196608K, used 17408K [0x0000000740a00000, 0x0000000800000000)
  region size 1024K, 14 young (14336K), 0 survivors (0K)
 Metaspace       used 9946K, capacity 10054K, committed 10112K, reserved 1058816K
  class space    used 846K, capacity 861K, committed 896K, reserved 1048576K
}
Event: 0.574 GC heap after
{Heap after GC invocations=1 (full 0):
 garbage-first heap   total 196608K, used 5213K [0x0000000740a00000, 0x0000000800000000)
  region size 1024K, 2 young (2048K), 2 survivors (2048K)
 Metaspace       used 9946K, capacity 10054K, committed 10112K, reserved 1058816K
  class space    used 846K, capacity 861K, committed 896K, reserved 1048576K
}
Event: 1.662 GC heap before
{Heap before GC invocations=1 (full 0):
 garbage-first heap   total 196608K, used 50269K [0x0000000740a00000, 0x0000000800000000)
  region size 1024K, 47 young (48128K), 2 survivors (2048K)
 Metaspace       used 20757K, capacity 20998K, committed 21248K, reserved 1069056K
  class space    used 2190K, capacity 2297K, committed 2304K, reserved 1048576K
}
Event: 1.675 GC heap after
{Heap after GC invocations=2 (full 0):
 garbage-first heap   total 196608K, used 9468K [0x0000000740a00000, 0x0000000800000000)
  region size 1024K, 7 young (7168K), 7 survivors (7168K)
 Metaspace       used 20757K, capacity 20998K, committed 21248K, reserved 1069056K
  class space    used 2190K, capacity 2297K, committed 2304K, reserved 1048576K
}
Event: 3.266 GC heap before
{Heap before GC invocations=3 (full 0):
 garbage-first heap   total 196608K, used 70908K [0x0000000740a00000, 0x0000000800000000)
  region size 1024K, 55 young (56320K), 7 survivors (7168K)
 Metaspace       used 30509K, capacity 30949K, committed 31232K, reserved 1077248K
  class space    used 3583K, capacity 3771K, committed 3840K, reserved 1048576K
}
Event: 3.281 GC heap after
{Heap after GC invocations=4 (full 0):
 garbage-first heap   total 196608K, used 23754K [0x0000000740a00000, 0x0000000800000000)
  region size 1024K, 7 young (7168K), 7 survivors (7168K)
 Metaspace       used 30509K, capacity 30949K, committed 31232K, reserved 1077248K
  class space    used 3583K, capacity 3771K, committed 3840K, reserved 1048576K
}
Event: 3.808 GC heap before
{Heap before GC invocations=4 (full 0):
 garbage-first heap   total 196608K, used 44234K [0x0000000740a00000, 0x0000000800000000)
  region size 1024K, 28 young (28672K), 7 survivors (7168K)
 Metaspace       used 35017K, capacity 35428K, committed 35584K, reserved 1081344K
  class space    used 4084K, capacity 4261K, committed 4352K, reserved 1048576K
}
Event: 3.823 GC heap after
{Heap after GC invocations=5 (full 0):
 garbage-first heap   total 196608K, used 23827K [0x0000000740a00000, 0x0000000800000000)
  region size 1024K, 9 young (9216K), 9 survivors (9216K)
 Metaspace       used 35017K, capacity 35428K, committed 35584K, reserved 1081344K
  class space    used 4084K, capacity 4261K, committed 4352K, reserved 1048576K
}

Deoptimization events (20 events):
Event: 5.142 Thread 0x000002466274a000 DEOPT PACKING pc=0x0000024668292124 sp=0x00000067f4ffbb80
Event: 5.142 Thread 0x000002466274a000 DEOPT UNPACKING pc=0x00000246679074ce sp=0x00000067f4ffb120 mode 0
Event: 5.158 Thread 0x000002466274a000 Uncommon trap: trap_request=0xffffffc6 fr.pc=0x000002466f4a4228 relative=0x0000000000000588
Event: 5.158 Thread 0x000002466274a000 Uncommon trap: reason=bimorphic_or_optimized_type_check action=maybe_recompile pc=0x000002466f4a4228 method=org.jetbrains.kotlin.protobuf.CodedInputStream.tryRefillBuffer(I)Z @ 177 c2
Event: 5.158 Thread 0x000002466274a000 DEOPT PACKING pc=0x000002466f4a4228 sp=0x00000067f4ffc540
Event: 5.158 Thread 0x000002466274a000 DEOPT UNPACKING pc=0x00000246679076af sp=0x00000067f4ffc428 mode 2
Event: 5.175 Thread 0x000002466274a000 Uncommon trap: trap_request=0xffffffc6 fr.pc=0x000002466f4a4228 relative=0x0000000000000588
Event: 5.175 Thread 0x000002466274a000 Uncommon trap: reason=bimorphic_or_optimized_type_check action=maybe_recompile pc=0x000002466f4a4228 method=org.jetbrains.kotlin.protobuf.CodedInputStream.tryRefillBuffer(I)Z @ 177 c2
Event: 5.175 Thread 0x000002466274a000 DEOPT PACKING pc=0x000002466f4a4228 sp=0x00000067f4ffc540
Event: 5.175 Thread 0x000002466274a000 DEOPT UNPACKING pc=0x00000246679076af sp=0x00000067f4ffc428 mode 2
Event: 5.286 Thread 0x000002466274a000 DEOPT PACKING pc=0x00000246682d6840 sp=0x00000067f4ffc660
Event: 5.290 Thread 0x000002466274a000 DEOPT UNPACKING pc=0x00000246679074ce sp=0x00000067f4ffbc50 mode 0
Event: 5.539 Thread 0x000002466274a000 Uncommon trap: trap_request=0xffffffc6 fr.pc=0x000002466f501a2c relative=0x00000000000005ec
Event: 5.540 Thread 0x000002466274a000 Uncommon trap: reason=bimorphic_or_optimized_type_check action=maybe_recompile pc=0x000002466f501a2c method=gnu.trove.TObjectHash.index(Ljava/lang/Object;)I @ 22 c2
Event: 5.540 Thread 0x000002466274a000 DEOPT PACKING pc=0x000002466f501a2c sp=0x00000067f4ffcb10
Event: 5.540 Thread 0x000002466274a000 DEOPT UNPACKING pc=0x00000246679076af sp=0x00000067f4ffca38 mode 2
Event: 5.542 Thread 0x000002466274a000 Uncommon trap: trap_request=0xffffffc6 fr.pc=0x000002466f501a2c relative=0x00000000000005ec
Event: 5.543 Thread 0x000002466274a000 Uncommon trap: reason=bimorphic_or_optimized_type_check action=maybe_recompile pc=0x000002466f501a2c method=gnu.trove.TObjectHash.index(Ljava/lang/Object;)I @ 22 c2
Event: 5.543 Thread 0x000002466274a000 DEOPT PACKING pc=0x000002466f501a2c sp=0x00000067f4ffc5d0
Event: 5.543 Thread 0x000002466274a000 DEOPT UNPACKING pc=0x00000246679076af sp=0x00000067f4ffc4f8 mode 2

Classes redefined (0 events):
No events

Internal exceptions (20 events):
Event: 1.565 Thread 0x000002466274a000 Exception <a 'java/lang/NoSuchMethodError'{0x0000000749f77050}: 'long java.lang.invoke.DirectMethodHandle$Holder.invokeStatic(java.lang.Object)'> (0x0000000749f77050) thrown at [./src/hotspot/share/interpreter/linkResolver.cpp, line 773]
Event: 1.565 Thread 0x000002466274a000 Exception <a 'java/lang/NoSuchMethodError'{0x0000000749f79ea8}: 'long java.lang.invoke.DirectMethodHandle$Holder.invokeStaticInit(java.lang.Object)'> (0x0000000749f79ea8) thrown at [./src/hotspot/share/interpreter/linkResolver.cpp, line 773]
Event: 1.644 Thread 0x000002466274a000 Exception <a 'java/lang/NoSuchMethodError'{0x0000000749b07468}: 'int java.lang.invoke.DirectMethodHandle$Holder.invokeStaticInit(java.lang.Object, java.lang.Object, java.lang.Object)'> (0x0000000749b07468) thrown at [./src/hotspot/share/interpreter/linkResolver.cpp, line 773]
Event: 1.650 Thread 0x000002466274a000 Exception <a 'java/lang/NoSuchMethodError'{0x0000000749b32b90}: 'int java.lang.invoke.DirectMethodHandle$Holder.invokeStaticInit(java.lang.Object, java.lang.Object)'> (0x0000000749b32b90) thrown at [./src/hotspot/share/interpreter/linkResolver.cpp, line 773]
Event: 1.975 Thread 0x000002466274a000 Exception <a 'java/lang/NoSuchMethodError'{0x000000074c036740}: 'java.lang.Object java.lang.invoke.DirectMethodHandle$Holder.invokeStatic(java.lang.Object, java.lang.Object, java.lang.Object, java.lang.Object, java.lang.Object, java.lang.Object, java.lang.Object, java.lang.Object, java.lang.Object, java.lang.Object, java.lang.Object, java.lang.Object, java.lang.Object, java.lang.Object, java.lang.Object)'> (0x000000074c036740) thrown at [./src/hotspot/share/interpreter/linkResolver.cpp, line 773]
Event: 1.979 Thread 0x000002466274a000 Exception <a 'java/lang/NoSuchMethodError'{0x000000074c044748}: 'java.lang.Object java.lang.invoke.DirectMethodHandle$Holder.invokeStatic(java.lang.Object, java.lang.Object, java.lang.Object, java.lang.Object, java.lang.Object, java.lang.Object, java.lang.Object, java.lang.Object, java.lang.Object, java.lang.Object, java.lang.Object, java.lang.Object, java.lang.Object, java.lang.Object, java.lang.Object, java.lang.Object)'> (0x000000074c044748) thrown at [./src/hotspot/share/interpreter/linkResolver.cpp, l
Event: 1.984 Thread 0x000002466274a000 Exception <a 'java/lang/NoSuchMethodError'{0x000000074c052660}: 'java.lang.Object java.lang.invoke.DirectMethodHandle$Holder.invokeSpecial(java.lang.Object, java.lang.Object, int, int, java.lang.Object, java.lang.Object, java.lang.Object)'> (0x000000074c052660) thrown at [./src/hotspot/share/interpreter/linkResolver.cpp, line 773]
Event: 1.984 Thread 0x000002466274a000 Exception <a 'java/lang/NoSuchMethodError'{0x000000074c055e98}: 'java.lang.Object java.lang.invoke.DelegatingMethodHandle$Holder.reinvoke_L(java.lang.Object, int, int, java.lang.Object, java.lang.Object, java.lang.Object)'> (0x000000074c055e98) thrown at [./src/hotspot/share/interpreter/linkResolver.cpp, line 773]
Event: 1.985 Thread 0x000002466274a000 Exception <a 'java/lang/NoSuchMethodError'{0x000000074c05a220}: 'java.lang.Object java.lang.invoke.DirectMethodHandle$Holder.invokeStatic(java.lang.Object, java.lang.Object, java.lang.Object, java.lang.Object, int)'> (0x000000074c05a220) thrown at [./src/hotspot/share/interpreter/linkResolver.cpp, line 773]
Event: 2.032 Thread 0x000002466274a000 Implicit null exception at 0x000002466f42a62c to 0x000002466f42a74e
Event: 2.083 Thread 0x000002466274a000 Exception <a 'java/lang/NoSuchMethodError'{0x000000074bbd1fa0}: 'void java.lang.invoke.DirectMethodHandle$Holder.invokeStatic(java.lang.Object, java.lang.Object, java.lang.Object, java.lang.Object)'> (0x000000074bbd1fa0) thrown at [./src/hotspot/share/interpreter/linkResolver.cpp, line 773]
Event: 2.108 Thread 0x000002466274a000 Exception <a 'java/lang/NoSuchMethodError'{0x000000074b924150}: 'void java.lang.invoke.DirectMethodHandle$Holder.invokeSpecial(java.lang.Object, java.lang.Object)'> (0x000000074b924150) thrown at [./src/hotspot/share/interpreter/linkResolver.cpp, line 773]
Event: 2.156 Thread 0x000002466274a000 Exception <a 'java/lang/NoSuchMethodError'{0x000000074b7c5a90}: 'void java.lang.invoke.DirectMethodHandle$Holder.invokeStaticInit(java.lang.Object, java.lang.Object)'> (0x000000074b7c5a90) thrown at [./src/hotspot/share/interpreter/linkResolver.cpp, line 773]
Event: 2.166 Thread 0x000002466274a000 Exception <a 'java/lang/NoSuchMethodError'{0x000000074b604328}: 'void java.lang.invoke.DirectMethodHandle$Holder.invokeInterface(java.lang.Object, java.lang.Object)'> (0x000000074b604328) thrown at [./src/hotspot/share/interpreter/linkResolver.cpp, line 773]
Event: 2.324 Thread 0x000002466274a000 Exception <a 'java/lang/NoSuchMethodError'{0x000000074b2c8058}: 'void java.lang.invoke.DirectMethodHandle$Holder.invokeVirtual(java.lang.Object, java.lang.Object)'> (0x000000074b2c8058) thrown at [./src/hotspot/share/interpreter/linkResolver.cpp, line 773]
Event: 2.342 Thread 0x000002466274a000 Exception <a 'java/lang/NoSuchMethodError'{0x000000074b1386e8}: 'int java.lang.invoke.DirectMethodHandle$Holder.invokeVirtual(java.lang.Object, java.lang.Object)'> (0x000000074b1386e8) thrown at [./src/hotspot/share/interpreter/linkResolver.cpp, line 773]
Event: 3.570 Thread 0x000002466274a000 Exception <a 'java/lang/NoSuchMethodError'{0x000000074be903e0}: 'java.lang.Object java.lang.invoke.DirectMethodHandle$Holder.invokeVirtual(java.lang.Object, java.lang.Object, java.lang.Object)'> (0x000000074be903e0) thrown at [./src/hotspot/share/interpreter/linkResolver.cpp, line 773]
Event: 4.465 Thread 0x000002466274a000 Exception <a 'java/lang/NoSuchMethodError'{0x000000074a33c0c0}: 'java.lang.Object java.lang.invoke.Invokers$Holder.linkToTargetMethod(java.lang.Object, int, java.lang.Object)'> (0x000000074a33c0c0) thrown at [./src/hotspot/share/interpreter/linkResolver.cpp, line 773]
Event: 4.620 Thread 0x000002466274a000 Implicit null exception at 0x000002466f4d75cc to 0x000002466f4d76b4
Event: 4.622 Thread 0x000002466274a000 Implicit null exception at 0x000002466f4e9830 to 0x000002466f4eb944

Events (20 events):
Event: 5.544 loading class org/jetbrains/kotlin/com/intellij/util/CollectionQuery
Event: 5.544 loading class org/jetbrains/kotlin/com/intellij/util/CollectionQuery done
Event: 5.544 loading class org/jetbrains/kotlin/com/intellij/psi/impl/PsiElementFinderImpl$1
Event: 5.544 loading class org/jetbrains/kotlin/com/intellij/psi/impl/PsiElementFinderImpl$1 done
Event: 5.544 loading class org/jetbrains/kotlin/com/intellij/openapi/application/ReadActionProcessor
Event: 5.544 loading class org/jetbrains/kotlin/com/intellij/openapi/application/ReadActionProcessor done
Event: 5.545 loading class org/jetbrains/kotlin/com/intellij/openapi/application/ReadActionProcessor
Event: 5.545 loading class org/jetbrains/kotlin/com/intellij/openapi/application/ReadActionProcessor done
Event: 5.545 loading class org/jetbrains/kotlin/com/intellij/openapi/util/ThrowableComputable
Event: 5.545 loading class org/jetbrains/kotlin/com/intellij/openapi/util/ThrowableComputable done
Event: 5.546 loading class org/jetbrains/kotlin/com/intellij/openapi/application/ReadAction
Event: 5.546 loading class org/jetbrains/kotlin/com/intellij/openapi/application/ReadAction done
Event: 5.546 loading class org/jetbrains/kotlin/com/intellij/openapi/application/BaseActionRunnable
Event: 5.546 loading class org/jetbrains/kotlin/com/intellij/openapi/application/BaseActionRunnable done
Event: 5.547 loading class org/jetbrains/kotlin/com/intellij/psi/impl/file/PsiDirectoryImpl
Event: 5.547 loading class org/jetbrains/kotlin/com/intellij/psi/impl/file/PsiDirectoryImpl done
Event: 5.551 loading class org/jetbrains/kotlin/com/intellij/psi/util/CachedValueProfiler
Event: 5.551 loading class org/jetbrains/kotlin/com/intellij/psi/util/CachedValueProfiler done
Event: 5.552 loading class org/jetbrains/kotlin/com/intellij/util/containers/NotNullList
Event: 5.552 loading class org/jetbrains/kotlin/com/intellij/util/containers/NotNullList done


Dynamic libraries:
0x00007ff707470000 - 0x00007ff70747a000 	C:\Program Files\Android\Android Studio\jre\bin\java.exe
0x00007ff992e50000 - 0x00007ff993045000 	C:\Windows\SYSTEM32\ntdll.dll
0x00007ff9918f0000 - 0x00007ff9919ad000 	C:\Windows\System32\KERNEL32.DLL
0x00007ff9909c0000 - 0x00007ff990c88000 	C:\Windows\System32\KERNELBASE.dll
0x00007ff990cc0000 - 0x00007ff990dc0000 	C:\Windows\System32\ucrtbase.dll
0x00007ff982ba0000 - 0x00007ff982bb9000 	C:\Program Files\Android\Android Studio\jre\bin\jli.dll
0x00007ff981780000 - 0x00007ff981797000 	C:\Program Files\Android\Android Studio\jre\bin\VCRUNTIME140.dll
0x00007ff992370000 - 0x00007ff992510000 	C:\Windows\System32\USER32.dll
0x00007ff990c90000 - 0x00007ff990cb2000 	C:\Windows\System32\win32u.dll
0x00007ff986a10000 - 0x00007ff986caa000 	C:\Windows\WinSxS\amd64_microsoft.windows.common-controls_6595b64144ccf1df_6.0.19041.1052_none_60b8f8fd71f5e8cb\COMCTL32.dll
0x00007ff992610000 - 0x00007ff99263a000 	C:\Windows\System32\GDI32.dll
0x00007ff992770000 - 0x00007ff99280e000 	C:\Windows\System32\msvcrt.dll
0x00007ff9908b0000 - 0x00007ff9909bb000 	C:\Windows\System32\gdi32full.dll
0x00007ff990df0000 - 0x00007ff990e8d000 	C:\Windows\System32\msvcp_win.dll
0x00007ff992d20000 - 0x00007ff992d50000 	C:\Windows\System32\IMM32.DLL
0x00007ff973800000 - 0x00007ff97389d000 	C:\Program Files\Android\Android Studio\jre\bin\msvcp140.dll
0x00007ff95dd40000 - 0x00007ff95e7fc000 	C:\Program Files\Android\Android Studio\jre\bin\server\jvm.dll
0x00007ff990fb0000 - 0x00007ff99105c000 	C:\Windows\System32\ADVAPI32.dll
0x00007ff992810000 - 0x00007ff9928ab000 	C:\Windows\System32\sechost.dll
0x00007ff992640000 - 0x00007ff99276b000 	C:\Windows\System32\RPCRT4.dll
0x00007ff9918e0000 - 0x00007ff9918e8000 	C:\Windows\System32\PSAPI.DLL
0x00007ff989650000 - 0x00007ff989659000 	C:\Windows\SYSTEM32\WSOCK32.dll
0x00007ff983480000 - 0x00007ff9834a7000 	C:\Windows\SYSTEM32\WINMM.dll
0x00007ff98ac00000 - 0x00007ff98ac0a000 	C:\Windows\SYSTEM32\VERSION.dll
0x00007ff992d50000 - 0x00007ff992dbb000 	C:\Windows\System32\WS2_32.dll
0x00007ff98e3f0000 - 0x00007ff98e402000 	C:\Windows\SYSTEM32\kernel.appcore.dll
0x00007ff988ee0000 - 0x00007ff988ef1000 	C:\Program Files\Android\Android Studio\jre\bin\verify.dll
0x00007ff98a4a0000 - 0x00007ff98a684000 	C:\Windows\SYSTEM32\DBGHELP.DLL
0x00007ff98a0e0000 - 0x00007ff98a10c000 	C:\Windows\SYSTEM32\dbgcore.DLL
0x00007ff9907d0000 - 0x00007ff990853000 	C:\Windows\System32\bcryptPrimitives.dll
0x00007ff988020000 - 0x00007ff988049000 	C:\Program Files\Android\Android Studio\jre\bin\java.dll
0x00007ff9895c0000 - 0x00007ff9895cb000 	C:\Program Files\Android\Android Studio\jre\bin\jimage.dll
0x00007ff988c60000 - 0x00007ff988c78000 	C:\Program Files\Android\Android Studio\jre\bin\zip.dll
0x00007ff991060000 - 0x00007ff99179f000 	C:\Windows\System32\SHELL32.dll
0x00007ff98e6d0000 - 0x00007ff98ee60000 	C:\Windows\SYSTEM32\windows.storage.dll
0x00007ff991f60000 - 0x00007ff9922b5000 	C:\Windows\System32\combase.dll
0x00007ff98ff60000 - 0x00007ff98ff8c000 	C:\Windows\SYSTEM32\Wldp.dll
0x00007ff9922c0000 - 0x00007ff99236e000 	C:\Windows\System32\SHCORE.dll
0x00007ff991c70000 - 0x00007ff991cc5000 	C:\Windows\System32\shlwapi.dll
0x00007ff9904a0000 - 0x00007ff9904bf000 	C:\Windows\SYSTEM32\profapi.dll
0x00007ff988ba0000 - 0x00007ff988bba000 	C:\Program Files\Android\Android Studio\jre\bin\net.dll
0x00007ff989de0000 - 0x00007ff989eeb000 	C:\Windows\SYSTEM32\WINHTTP.dll
0x00007ff98fc70000 - 0x00007ff98fcda000 	C:\Windows\system32\mswsock.dll
0x00007ff988180000 - 0x00007ff988194000 	C:\Program Files\Android\Android Studio\jre\bin\nio.dll

dbghelp: loaded successfully - version: 4.0.5 - missing functions: none
symbol engine: initialized successfully - sym options: 0x614 - pdb path: .;C:\Program Files\Android\Android Studio\jre\bin;C:\Windows\SYSTEM32;C:\Windows\WinSxS\amd64_microsoft.windows.common-controls_6595b64144ccf1df_6.0.19041.1052_none_60b8f8fd71f5e8cb;C:\Program Files\Android\Android Studio\jre\bin\server

VM Arguments:
java_command: org.jetbrains.kotlin.cli.jvm.K2JVMCompiler @C:\Users\79297\AndroidStudioProjects\SaratovRegionTouristRoutes\app\build\20210620_5254800349341762268.compiler.options
java_class_path (initial): C:\Users\79297\.gradle\caches\modules-2\files-2.1\org.jetbrains.kotlin\kotlin-compiler-embeddable\1.4.31\6451ea797cef544e81f507b0d9959cd97ae09c0\kotlin-compiler-embeddable-1.4.31.jar;C:\Users\79297\.gradle\caches\modules-2\files-2.1\org.jetbrains.kotlin\kotlin-reflect\1.4.31\63db9d66c3d20f7b8f66196e7ba86969daae8b8a\kotlin-reflect-1.4.31.jar;C:\Users\79297\.gradle\caches\modules-2\files-2.1\org.jetbrains.kotlin\kotlin-stdlib\1.4.31\a58e0fb9812a6a93ca24b5da75e4b5a0cb89c957\kotlin-stdlib-1.4.31.jar;C:\Users\79297\.gradle\caches\modules-2\files-2.1\org.jetbrains.kotlin\kotlin-script-runtime\1.4.31\183616b52cfb8ddaa8a2a15bf926e87dfcddcde3\kotlin-script-runtime-1.4.31.jar;C:\Users\79297\.gradle\caches\modules-2\files-2.1\org.jetbrains.kotlin\kotlin-daemon-embeddable\1.4.31\10faf8ac3dd5975ed972b2bc395b4ffc7ffde246\kotlin-daemon-embeddable-1.4.31.jar;C:\Users\79297\.gradle\caches\modules-2\files-2.1\org.jetbrains.intellij.deps\trove4j\1.0.20181211\216c2e14b070f334479d800987affe4054cd563f\trove4j-1.0.20181211.jar;C:\Users\79297\.gradle\caches\modules-2\files-2.1\org.jetbrains.kotlin\kotlin-stdlib-common\1.4.31\6dd50665802f54ba9bc3f70ecb20227d1bc81323\kotlin-stdlib-common-1.4.31.jar;C:\Users\79297\.gradle\caches\modules-2\files-2.1\org.jetbrains\annotations\13.0\919f0dfe192fb4e063e7dacadee7f8bb9a2672a9\annotations-13.0.jar
Launcher Type: SUN_STANDARD

[Global flags]
     intx CICompilerCount                          = 3                                         {product} {ergonomic}
     uint ConcGCThreads                            = 1                                         {product} {ergonomic}
     uint G1ConcRefinementThreads                  = 4                                         {product} {ergonomic}
   size_t G1HeapRegionSize                         = 1048576                                   {product} {ergonomic}
    uintx GCDrainStackTargetSize                   = 64                                        {product} {ergonomic}
   size_t InitialHeapSize                          = 201326592                                 {product} {ergonomic}
   size_t MarkStackSize                            = 4194304                                   {product} {ergonomic}
   size_t MaxHeapSize                              = 3210739712                                {product} {ergonomic}
   size_t MaxNewSize                               = 1926234112                                {product} {ergonomic}
   size_t MinHeapDeltaBytes                        = 1048576                                   {product} {ergonomic}
    uintx NonNMethodCodeHeapSize                   = 5830732                                {pd product} {ergonomic}
    uintx NonProfiledCodeHeapSize                  = 122913754                              {pd product} {ergonomic}
    uintx ProfiledCodeHeapSize                     = 122913754                              {pd product} {ergonomic}
    uintx ReservedCodeCacheSize                    = 251658240                              {pd product} {ergonomic}
     bool SegmentedCodeCache                       = true                                      {product} {ergonomic}
     bool UseCompressedClassPointers               = true                                 {lp64_product} {ergonomic}
     bool UseCompressedOops                        = true                                 {lp64_product} {ergonomic}
     bool UseG1GC                                  = true                                      {product} {ergonomic}
     bool UseLargePagesIndividualAllocation        = false                                  {pd product} {ergonomic}

Logging:
Log output configuration:
 #0: stdout all=warning uptime,level,tags
 #1: stderr all=off uptime,level,tags

Environment Variables:
PATH=C:\Program Files (x86)\Common Files\Oracle\Java\javapath;C:\ProgramData\Oracle\Java\javapath;C:\Program Files (x86)\NVIDIA Corporation\PhysX\Common;C:\Windows\system32;C:\Windows;C:\Windows\System32\Wbem;C:\Windows\System32\WindowsPowerShell\v1.0\;C:\Windows\System32\OpenSSH\;C:\Program Files\Git\cmd;C:\Users\79297\AppData\Local\Microsoft\WindowsApps;;C:\Program Files\JetBrains\PyCharm Community Edition 2020.3.3\bin;
USERNAME=79297
OS=Windows_NT
PROCESSOR_IDENTIFIER=Intel64 Family 6 Model 42 Stepping 7, GenuineIntel



---------------  S Y S T E M  ---------------

OS: Windows 10 , 64 bit Build 19041 (10.0.19041.1023)
OS uptime: 6 days 17:46 hours

CPU:total 4 (initial active 4) (4 cores per cpu, 1 threads per core) family 6 model 42 stepping 7, cmov, cx8, fxsr, mmx, sse, sse2, sse3, ssse3, sse4.1, sse4.2, popcnt, avx, aes, clmul, tsc, tscinvbit

Memory: 4k page, system-wide physical 12246M (2187M free)
TotalPageFile size 26477M (AvailPageFile size 9M)
current process WorkingSet (physical memory assigned to process): 233M, peak: 237M
current process commit charge ("private bytes"): 374M, peak: 379M

vm_info: OpenJDK 64-Bit Server VM (11.0.8+10-b944.6842174) for windows-amd64 JRE (11.0.8+10-b944.6842174), built on Sep 19 2020 01:11:42 by "builder" with MS VC++ 14.0 (VS2015)

END.
